MariaDB [hpc-hd-columnstore]> INSERT INTO `hpc-hd-columnstore`.textreuse_ids
    -> SELECT *
    -> FROM `hpc-hd`.textreuse_ids
    -> ORDER BY trs_id;
Query OK, 629348 rows affected (4.818 sec)
Records: 629348  Duplicates: 0  Warnings: 0

MariaDB [hpc-hd-columnstore]> INSERT INTO `hpc-hd-columnstore`.manifestation_ids
    -> SELECT *
    -> FROM `hpc-hd`.manifestation_ids
    -> ORDER BY manifestation_id_i;
Query OK, 267940 rows affected (1.906 sec)
Records: 267940  Duplicates: 0  Warnings: 0

MariaDB [hpc-hd-columnstore]>
MariaDB [hpc-hd-columnstore]> INSERT INTO `hpc-hd-columnstore`.edition_ids
    -> SELECT *
    -> FROM `hpc-hd`.edition_ids
    -> ORDER BY edition_id_i;
Query OK, 247314 rows affected (1.961 sec)
Records: 247314  Duplicates: 0  Warnings: 0

MariaDB [hpc-hd-columnstore]>
MariaDB [hpc-hd-columnstore]> INSERT INTO `hpc-hd-columnstore`.work_ids
    -> SELECT *
    -> FROM `hpc-hd`.work_ids
    -> ORDER BY work_id_i;
Query OK, 170548 rows affected (1.863 sec)
Records: 170548  Duplicates: 0  Warnings: 0

MariaDB [hpc-hd-columnstore]>
MariaDB [hpc-hd-columnstore]> INSERT INTO `hpc-hd-columnstore`.actor_ids
    -> SELECT *
    -> FROM `hpc-hd`.actor_ids
    -> ORDER BY actor_id_i;
Query OK, 127066 rows affected (1.833 sec)
Records: 127066  Duplicates: 0  Warnings: 0

MariaDB [hpc-hd-columnstore]>
MariaDB [hpc-hd-columnstore]> INSERT INTO `hpc-hd-columnstore`.textreuse_work_mapping
    -> SELECT *
    -> FROM `hpc-hd`.textreuse_work_mapping
    -> ORDER BY trs_id,work_id_i;
Query OK, 642843 rows affected (3.871 sec)
Records: 642843  Duplicates: 0  Warnings: 0

MariaDB [hpc-hd-columnstore]>
MariaDB [hpc-hd-columnstore]> INSERT INTO `hpc-hd-columnstore`.textreuse_edition_mapping
    -> SELECT *
    -> FROM `hpc-hd`.textreuse_edition_mapping
    -> ORDER BY trs_id,edition_id_i;
Query OK, 664124 rows affected (1.931 sec)
Records: 664124  Duplicates: 0  Warnings: 0

MariaDB [hpc-hd-columnstore]>
MariaDB [hpc-hd-columnstore]> INSERT INTO `hpc-hd-columnstore`.work_mapping
    -> SELECT *
    -> FROM `hpc-hd`.work_mapping
    -> ORDER BY manifestation_id_i,work_id_i;
Query OK, 269357 rows affected (1.888 sec)
Records: 269357  Duplicates: 0  Warnings: 0

MariaDB [hpc-hd-columnstore]>
MariaDB [hpc-hd-columnstore]> INSERT INTO `hpc-hd-columnstore`.edition_mapping
    -> SELECT *
    -> FROM `hpc-hd`.edition_mapping
    -> ORDER BY manifestation_id_i,edition_id_i;
Query OK, 271436 rows affected (3.001 sec)
Records: 271436  Duplicates: 0  Warnings: 0

MariaDB [hpc-hd-columnstore]>
MariaDB [hpc-hd-columnstore]> INSERT INTO `hpc-hd-columnstore`.edition_publication_year
    -> SELECT *
    -> FROM `hpc-hd`.edition_publication_year
    -> ORDER BY edition_id_i;
Query OK, 247378 rows affected (1.955 sec)
Records: 247378  Duplicates: 0  Warnings: 0

MariaDB [hpc-hd-columnstore]>
MariaDB [hpc-hd-columnstore]> INSERT INTO `hpc-hd-columnstore`.work_earliest_publication_year
    -> SELECT *
    -> FROM `hpc-hd`.work_earliest_publication_year
    -> ORDER BY work_id_i;
Query OK, 170548 rows affected (1.880 sec)
Records: 170548  Duplicates: 0  Warnings: 0

MariaDB [hpc-hd-columnstore]>
MariaDB [hpc-hd-columnstore]> INSERT INTO `hpc-hd-columnstore`.textreuse_earliest_publication_year
    -> SELECT *
    -> FROM `hpc-hd`.textreuse_earliest_publication_year
    -> ORDER BY trs_id;
Query OK, 629348 rows affected (1.795 sec)
Records: 629348  Duplicates: 0  Warnings: 0

MariaDB [hpc-hd-columnstore]>
MariaDB [hpc-hd-columnstore]> INSERT INTO `hpc-hd-columnstore`.edition_authors
    -> SELECT *
    -> FROM `hpc-hd`.edition_authors
    -> ORDER BY edition_id_i;
Query OK, 254116 rows affected (1.913 sec)
Records: 254116  Duplicates: 0  Warnings: 0


MariaDB [hpc-hd-columnstore]> INSERT INTO `hpc-hd-columnstore`.estc_core
    -> SELECT *
    -> FROM `hpc-hd`.estc_core
    -> ORDER BY estc_id;

Query OK, 483925 rows affected (14.964 sec)
Records: 483925  Duplicates: 0  Warnings: 0

MariaDB [hpc-hd-columnstore]>
MariaDB [hpc-hd-columnstore]> INSERT INTO `hpc-hd-columnstore`.ecco_core
    -> SELECT *
    -> FROM `hpc-hd`.ecco_core
    -> ORDER BY ecco_id,estc_id;
Query OK, 207613 rows affected (3.887 sec)
Records: 207613  Duplicates: 0  Warnings: 0

MariaDB [hpc-hd-columnstore]>
MariaDB [hpc-hd-columnstore]> INSERT INTO `hpc-hd-columnstore`.eebo_core
    -> SELECT *
    -> FROM `hpc-hd`.eebo_core
    -> ORDER BY eebo_id,eebo_tcp_id,estc_id;
Query OK, 142307 rows affected (5.915 sec)
Records: 142307  Duplicates: 0  Warnings: 0

MariaDB [hpc-hd-columnstore]>
MariaDB [hpc-hd-columnstore]> INSERT INTO `hpc-hd-columnstore`.estc_actors
    -> SELECT *
    -> FROM `hpc-hd`.estc_actors
    -> ORDER BY actor_id;
Query OK, 127066 rows affected (2.884 sec)
Records: 127066  Duplicates: 0  Warnings: 0

MariaDB [hpc-hd-columnstore]>
MariaDB [hpc-hd-columnstore]> INSERT INTO `hpc-hd-columnstore`.estc_actor_links
    -> SELECT *
    -> FROM `hpc-hd`.estc_actor_links
    -> ORDER BY estc_id,actor_id;
Query OK, 1101165 rows affected (15.899 sec)
Records: 1101165  Duplicates: 0  Warnings: 0

MariaDB [hpc-hd-columnstore]> INSERT INTO `hpc-hd-columnstore`.defrag_pieces
    -> SELECT *
    -> FROM `hpc-hd`.defrag_pieces
    -> ORDER BY piece_id;

Query OK, 383894269 rows affected (18 min 17.468 sec)
Records: 383894269  Duplicates: 0  Warnings: 0

MariaDB [hpc-hd-columnstore]> INSERT INTO `hpc-hd-columnstore`.earliest_work_and_pieces_by_cluster
    -> SELECT *
    -> FROM `hpc-hd`.earliest_work_and_pieces_by_cluster
    -> ORDER BY cluster_id,piece_id;
Query OK, 60454771 rows affected (1 min 57.338 sec)
Records: 60454771  Duplicates: 0  Warnings: 0

MariaDB [hpc-hd-columnstore]> INSERT INTO `hpc-hd-columnstore`.earliest_textreuse_by_cluster
    -> SELECT *
    -> FROM `hpc-hd`.earliest_textreuse_by_cluster
    -> ORDER BY cluster_id,trs_id;
Query OK, 61326506 rows affected (55.984 sec)
Records: 61326506  Duplicates: 0  Warnings: 0

MariaDB [hpc-hd-columnstore]> INSERT INTO `hpc-hd-columnstore`.non_source_pieces
    -> SELECT *
    -> FROM `hpc-hd`.non_source_pieces
    -> ORDER BY cluster_id,piece_id;
Query OK, 323554236 rows affected (5 min 6.131 sec)
Records: 323554236  Duplicates: 0  Warnings: 0

 INSERT INTO `hpc-hd-columnstore`.clustered_defrag_pieces
    -> SELECT *
    -> FROM `hpc-hd`.clustered_defrag_pieces
    -> ORDER BY piece_id,cluster_id;
Query OK, 383894269 rows affected (10 min 8.409 sec)
Records: 383894269  Duplicates: 0  Warnings: 0

INSERT INTO `hpc-hd-columnstore`.reception_edges_denorm
    -> SELECT *
    -> FROM `hpc-hd`.reception_edges_denorm
    -> ORDER BY src_trs_id,dst_trs_end;

Query OK, 1277583845 rows affected (1 hour 56 min 50.114 sec)
Records: 1277583845  Duplicates: 0  Warnings: 0

INSERT INTO `hpc-hd-columnstore`.defrag_textreuses
    -> SELECT *
    -> FROM `hpc-hd`.defrag_textreuses
    -> ORDER BY textreuse_id;
Query OK, 965134100 rows affected (1 hour 16 min 41.593 sec)
Records: 965134100  Duplicates: 0  Warnings: 0


INSERT INTO `hpc-hd-columnstore`.source_piece_statistics_denorm
    -> SELECT *
    -> FROM `hpc-hd`.source_piece_statistics_denorm
    -> ORDER BY piece_id;
Query OK, 56093986 rows affected (3 min 25.881 sec)
Records: 56093986  Duplicates: 0  Warnings: 0