 INSERT INTO `hpc-hd-newspapers-columnstore`.textreuse_ids
    -> SELECT *
    -> FROM `hpc-hd-newspapers`.textreuse_ids
    -> ORDER BY trs_id;
Query OK, 2215825 rows affected (6.972 sec)
Records: 2215825  Duplicates: 0  Warnings: 0

INSERT INTO `hpc-hd-newspapers-columnstore`.manifestation_ids
    -> SELECT *
    -> FROM `hpc-hd-newspapers`.manifestation_ids
    -> ORDER BY manifestation_id_i;
Query OK, 2037206 rows affected (4.902 sec)
Records: 2037206  Duplicates: 0  Warnings: 0

INSERT INTO `hpc-hd-newspapers-columnstore`.edition_ids
    -> SELECT *
    -> FROM `hpc-hd-newspapers`.edition_ids
    -> ORDER BY edition_id_i;
Query OK, 2016580 rows affected (4.857 sec)
Records: 2016580  Duplicates: 0  Warnings: 

INSERT INTO `hpc-hd-newspapers-columnstore`.work_ids
    -> SELECT *
    -> FROM `hpc-hd-newspapers`.work_ids
    -> ORDER BY work_id_i;
Query OK, 1939814 rows affected (4.959 sec)
Records: 1939814  Duplicates: 0  Warnings: 0

INSERT INTO `hpc-hd-newspapers-columnstore`.actor_ids
    -> SELECT *
    -> FROM `hpc-hd-newspapers`.actor_ids
    -> ORDER BY actor_id_i;
Query OK, 127066 rows affected (3.921 sec)
Records: 127066  Duplicates: 0  Warnings: 0

INSERT INTO `hpc-hd-newspapers-columnstore`.textreuse_work_mapping
    -> SELECT *
    -> FROM `hpc-hd-newspapers`.textreuse_work_mapping
    -> ORDER BY trs_id,work_id_i;
Query OK, 2229027 rows affected (4.823 sec)
Records: 2229027  Duplicates: 0  Warnings: 0

INSERT INTO `hpc-hd-newspapers-columnstore`.textreuse_edition_mapping
    -> SELECT *
    -> FROM `hpc-hd-newspapers`.textreuse_edition_mapping
    -> ORDER BY trs_id,edition_id_i;
Query OK, 2248037 rows affected (4.898 sec)
Records: 2248037  Duplicates: 0  Warnings: 0

INSERT INTO `hpc-hd-newspapers-columnstore`.work_mapping
    -> SELECT *
    -> FROM `hpc-hd-newspapers`.work_mapping
    -> ORDER BY manifestation_id_i,work_id_i;
Query OK, 2038623 rows affected (3.944 sec)
Records: 2038623  Duplicates: 0  Warnings: 0

INSERT INTO `hpc-hd-newspapers-columnstore`.edition_mapping
    -> SELECT *
    -> FROM `hpc-hd-newspapers`.edition_mapping
    -> ORDER BY manifestation_id_i,edition_id_i;
Query OK, 2040702 rows affected (3.963 sec)
Records: 2040702  Duplicates: 0  Warnings: 0

INSERT INTO `hpc-hd-newspapers-columnstore`.edition_publication_date
    -> SELECT *
    -> FROM `hpc-hd-newspapers`.edition_publication_date
    -> ORDER BY edition_id_i;
Query OK, 2016644 rows affected (4.908 sec)
Records: 2016644  Duplicates: 0  Warnings: 0

INSERT INTO `hpc-hd-newspapers-columnstore`.work_earliest_publication_date
    -> SELECT *
    -> FROM `hpc-hd-newspapers`.work_earliest_publication_date
    -> ORDER BY work_id_i;
Query OK, 1939814 rows affected (4.907 sec)
Records: 1939814  Duplicates: 0  Warnings: 0

INSERT INTO `hpc-hd-newspapers-columnstore`.textreuse_earliest_publication_date
    -> SELECT *
    -> FROM `hpc-hd-newspapers`.textreuse_earliest_publication_date
    -> ORDER BY trs_id;
Query OK, 2215825 rows affected (5.931 sec)
Records: 2215825  Duplicates: 0  Warnings: 0

INSERT INTO `hpc-hd-newspapers-columnstore`.edition_authors
    -> SELECT *
    -> FROM `hpc-hd-newspapers`.edition_authors
    -> ORDER BY edition_id_i;
Query OK, 2023382 rows affected (4.944 sec)
Records: 2023382  Duplicates: 0  Warnings: 0

INSERT INTO `hpc-hd-newspapers-columnstore`.textreuse_source_lengths
    -> SELECT *
    -> FROM `hpc-hd-newspapers`.textreuse_source_lengths
    -> ORDER BY trs_id;
Query OK, 2215825 rows affected (3.907 sec)
Records: 2215825  Duplicates: 0  Warnings: 0

INSERT INTO `hpc-hd-newspapers-columnstore`.estc_core
    -> SELECT *
    -> FROM `hpc-hd-newspapers`.estc_core
    -> ORDER BY estc_id;
Query OK, 483925 rows affected (13.957 sec)
Records: 483925  Duplicates: 0  Warnings: 0

INSERT INTO `hpc-hd-newspapers-columnstore`.ecco_core
    -> SELECT *
    -> FROM `hpc-hd-newspapers`.ecco_core
    -> ORDER BY ecco_id,estc_id;
Query OK, 207613 rows affected (3.841 sec)
Records: 207613  Duplicates: 0  Warnings: 0

INSERT INTO `hpc-hd-newspapers-columnstore`.eebo_core
    -> SELECT *
    -> FROM `hpc-hd-newspapers`.eebo_core
    -> ORDER BY eebo_id,eebo_tcp_id,estc_id;
Query OK, 142307 rows affected (5.981 sec)
Records: 142307  Duplicates: 0  Warnings: 0

INSERT INTO `hpc-hd-newspapers-columnstore`.estc_actors
    -> SELECT *
    -> FROM `hpc-hd-newspapers`.estc_actors
    -> ORDER BY actor_id;
Query OK, 127066 rows affected (3.982 sec)
Records: 127066  Duplicates: 0  Warnings: 0

INSERT INTO `hpc-hd-newspapers-columnstore`.estc_actor_links
    -> SELECT *
    -> FROM `hpc-hd-newspapers`.estc_actor_links
    -> ORDER BY estc_id,actor_id;
Query OK, 1101165 rows affected (14.952 sec)
Records: 1101165  Duplicates: 0  Warnings: 0

INSERT INTO `hpc-hd-newspapers-columnstore`.newspapers_core
    -> SELECT *
    -> FROM `hpc-hd-newspapers`.newspapers_core
    -> ORDER BY article_id;
Query OK, 1769266 rows affected (14.976 sec)
Records: 1769266  Duplicates: 0  Warnings: 0

INSERT INTO `hpc-hd-newspapers-columnstore`.earliest_work_and_pieces_by_cluster
    -> SELECT *
    -> FROM `hpc-hd-newspapers`.earliest_work_and_pieces_by_cluster
    -> ORDER BY cluster_id,piece_id;
Query OK, 110935905 rows affected (3 min 49.138 sec)
Records: 110935905  Duplicates: 0  Warnings: 0

INSERT INTO `hpc-hd-newspapers-columnstore`.earliest_textreuse_by_cluster
    -> SELECT *
    -> FROM `hpc-hd-newspapers`.earliest_textreuse_by_cluster
    -> ORDER BY cluster_id,trs_id;

Query OK, 112103227 rows affected (1 min 49.006 sec)
Records: 112103227  Duplicates: 0  Warnings: 0

INSERT INTO `hpc-hd-newspapers-columnstore`.source_piece_statistics_denorm
    -> SELECT *
    -> FROM `hpc-hd-newspapers`.source_piece_statistics_denorm
    -> ORDER BY piece_id;
Query OK, 90144871 rows affected (5 min 13.100 sec)
Records: 90144871  Duplicates: 0  Warnings: 0

INSERT INTO `hpc-hd-newspapers-columnstore`.non_source_pieces
    -> SELECT *
    -> FROM `hpc-hd-newspapers`.non_source_pieces
    -> ORDER BY cluster_id,piece_id;
Query OK, 988122521 rows affected (16 min 6.418 sec)
Records: 988122521  Duplicates: 0  Warnings: 0

INSERT INTO `hpc-hd-newspapers-columnstore`.defrag_pieces     SELECT * FROM `hpc-hd-newspapers`.defrag_pieces ORDER BY piece_id;                          
Query OK, 1098916260 rows affected (1 hour 11 min 8.457 sec)
Records: 1098916260  Duplicates: 0  Warnings: 0

INSERT INTO `hpc-hd-newspapers-columnstore`.clustered_defrag_pieces
    -> SELECT *
    -> FROM `hpc-hd-newspapers`.clustered_defrag_pieces
    -> ORDER BY piece_id,cluster_id;
Query OK, 1098916260 rows affected (1 hour 47.208 sec)
Records: 1098916260  Duplicates: 0  Warnings: 0

INSERT INTO `hpc-hd-newspapers-columnstore`.coverages
    -> SELECT *
    -> FROM `hpc-hd-newspapers`.coverages
    -> ORDER BY trs1_id,trs2_id;
Query OK, 1557235356 rows affected (4 hours 42 min 11.290 sec)
Records: 1557235356  Duplicates: 0  Warnings: 0

INSERT INTO `hpc-hd-newspapers-columnstore`.reception_edges_denorm   
    -> SELECT *
    -> FROM `hpc-hd-newspapers`.reception_edges_denorm
    -> ORDER BY src_trs_id,dst_trs_end;
Query OK, 4739160201 rows affected (7 hours 41 min 59.124 sec)
Records: 4739160201  Duplicates: 0  Warnings: 0

INSERT INTO `hpc-hd-newspapers-columnstore`.defrag_textreuses
    -> SELECT *
    -> FROM `hpc-hd-newspapers`.defrag_textreuses
    -> ORDER BY textreuse_id;

Query OK, 5608256233 rows affected (9 hours 44 min 22.434 sec)
Records: 5608256233  Duplicates: 0  Warnings: 0

